<?xml version="1.0" encoding="UTF-8"?>
<!-- Generated by org.testng.reporters.JUnitReportReporter -->
<testsuite hostname="DESKTOP-1PSH36H" failures="0" tests="1" name="com.simplilearn.AutomationRegLogJekins.LoginTest" time="4.317" errors="0" timestamp="2022-03-31T00:14:01 IST" skipped="0">
  <testcase classname="com.simplilearn.AutomationRegLogJekins.LoginTest" name="Login" time="4.317"/>
  <system-out/>
</testsuite> <!-- com.simplilearn.AutomationRegLogJekins.LoginTest -->
