<?xml version="1.0" encoding="UTF-8"?>
<!-- Generated by org.testng.reporters.JUnitReportReporter -->
<testsuite hostname="DESKTOP-1PSH36H" failures="0" tests="1" name="com.simplilearn.AutomationRegLogJekins.FirstTestWithTestNGFramework" time="5.935" errors="0" timestamp="2022-03-22T11:53:52 IST" skipped="0">
  <testcase classname="com.simplilearn.AutomationRegLogJekins.FirstTestWithTestNGFramework" name="Signup" time="5.935"/>
  <system-out/>
</testsuite> <!-- com.simplilearn.AutomationRegLogJekins.FirstTestWithTestNGFramework -->
