<?xml version="1.0" encoding="UTF-8"?>
<!-- Generated by org.testng.reporters.JUnitReportReporter -->
<testsuite hostname="DESKTOP-1PSH36H" failures="0" tests="1" name="com.simplilearn.AutomationRegLogJekins.SearchBarTest" time="9.313" errors="0" timestamp="2022-03-31T00:25:09 IST" skipped="0">
  <testcase classname="com.simplilearn.AutomationRegLogJekins.SearchBarTest" name="SearchBar" time="9.313"/>
  <system-out/>
</testsuite> <!-- com.simplilearn.AutomationRegLogJekins.SearchBarTest -->
